This file contains any messages produced by compilers while
running configure, to aid debugging if configure makes a mistake.

It was created by sphinxbase configure 0.8, which was
generated by GNU Autoconf 2.69.  Invocation command line was

  $ ./configure 

## --------- ##
## Platform. ##
## --------- ##

hostname = Patrick-Wus-MacBook-Pro.local
uname -m = x86_64
uname -r = 13.1.0
uname -s = Darwin
uname -v = Darwin Kernel Version 13.1.0: Wed Apr  2 23:52:02 PDT 2014; root:xnu-2422.92.1~2/RELEASE_X86_64

/usr/bin/uname -p = i386
/bin/uname -X     = unknown

/bin/arch              = unknown
/usr/bin/arch -k       = unknown
/usr/convex/getsysinfo = unknown
/usr/bin/hostinfo      = Mach kernel version:
	 Darwin Kernel Version 13.1.0: Wed Apr  2 23:52:02 PDT 2014; root:xnu-2422.92.1~2/RELEASE_X86_64
Kernel configured for up to 4 processors.
2 processors are physically available.
4 processors are logically available.
Processor type: i486 (Intel 80486)
Processors active: 0 1 2 3
Primary memory available: 4.00 gigabytes
Default processor set: 162 tasks, 929 threads, 4 processors
Load average: 4.15, Mach factor: 0.88
/bin/machine           = unknown
/usr/bin/oslevel       = unknown
/bin/universe          = unknown

PATH: /usr/bin
PATH: /bin
PATH: /usr/sbin
PATH: /sbin
PATH: /usr/local/bin
PATH: /opt/X11/bin
PATH: /usr/texbin
PATH: .
PATH: /usr/local/sbin
PATH: /usr/local/texlive/2013/bin/x86_64-darwin
PATH: .
PATH: /usr/local/bin
PATH: /usr/local/sbin
PATH: /usr/local/texlive/2013/bin/x86_64-darwin


## ----------- ##
## Core tests. ##
## ----------- ##

configure:2547: checking for a BSD-compatible install
configure:2615: result: /usr/bin/install -c
configure:2626: checking whether build environment is sane
configure:2681: result: yes
configure:2719: WARNING: 'missing' script is too old or missing
configure:2832: checking for a thread-safe mkdir -p
configure:2871: result: ./install-sh -c -d
configure:2878: checking for gawk
configure:2908: result: no
configure:2878: checking for mawk
configure:2908: result: no
configure:2878: checking for nawk
configure:2908: result: no
configure:2878: checking for awk
configure:2894: found /usr/bin/awk
configure:2905: result: awk
configure:2916: checking whether make sets $(MAKE)
configure:2938: result: yes
configure:2967: checking whether make supports nested variables
configure:2984: result: yes
configure:3108: checking build system type
configure:3122: result: x86_64-apple-darwin13.1.0
configure:3142: checking host system type
configure:3155: result: x86_64-apple-darwin13.1.0
configure:3202: checking for style of include used by make
configure:3230: result: GNU
configure:3301: checking for gcc
configure:3317: found /usr/bin/gcc
configure:3328: result: gcc
configure:3557: checking for C compiler version
configure:3566: gcc --version >&5
Apple LLVM version 5.1 (clang-503.0.40) (based on LLVM 3.4svn)
Target: x86_64-apple-darwin13.1.0
Thread model: posix
Configured with: --prefix=/Applications/Xcode.app/Contents/Developer/usr --with-gxx-include-dir=/usr/include/c++/4.2.1
configure:3577: $? = 0
configure:3566: gcc -v >&5
Configured with: --prefix=/Applications/Xcode.app/Contents/Developer/usr --with-gxx-include-dir=/usr/include/c++/4.2.1
Apple LLVM version 5.1 (clang-503.0.40) (based on LLVM 3.4svn)
Target: x86_64-apple-darwin13.1.0
Thread model: posix
configure:3577: $? = 0
configure:3566: gcc -V >&5
clang: error: argument to '-V' is missing (expected 1 value)
clang: error: no input files
configure:3577: $? = 1
configure:3566: gcc -qversion >&5
clang: error: unknown argument: '-qversion' [-Wunused-command-line-argument-hard-error-in-future]
clang: note: this will be a hard error (cannot be downgraded to a warning) in the future
clang: error: no input files
configure:3577: $? = 1
configure:3597: checking whether the C compiler works
configure:3619: gcc -g -O2 -Wall   conftest.c  >&5
configure:3623: $? = 0
configure:3671: result: yes
configure:3674: checking for C compiler default output file name
configure:3676: result: a.out
configure:3682: checking for suffix of executables
configure:3689: gcc -o conftest -g -O2 -Wall   conftest.c  >&5
configure:3693: $? = 0
configure:3715: result: 
configure:3737: checking whether we are cross compiling
configure:3745: gcc -o conftest -g -O2 -Wall   conftest.c  >&5
configure:3749: $? = 0
configure:3756: ./conftest
configure:3760: $? = 0
configure:3775: result: no
configure:3780: checking for suffix of object files
configure:3802: gcc -c -g -O2 -Wall  conftest.c >&5
configure:3806: $? = 0
configure:3827: result: o
configure:3831: checking whether we are using the GNU C compiler
configure:3850: gcc -c -g -O2 -Wall  conftest.c >&5
configure:3850: $? = 0
configure:3859: result: yes
configure:3868: checking whether gcc accepts -g
configure:3888: gcc -c -g  conftest.c >&5
configure:3888: $? = 0
configure:3929: result: yes
configure:3946: checking for gcc option to accept ISO C89
configure:4009: gcc  -c -g -O2 -Wall  conftest.c >&5
configure:4009: $? = 0
configure:4022: result: none needed
configure:4047: checking whether gcc understands -c and -o together
configure:4069: gcc -c conftest.c -o conftest2.o
configure:4072: $? = 0
configure:4069: gcc -c conftest.c -o conftest2.o
configure:4072: $? = 0
configure:4084: result: yes
configure:4103: checking dependency style of gcc
configure:4214: result: gcc3
configure:4230: checking for library containing strerror
configure:4261: gcc -o conftest -g -O2 -Wall   conftest.c  >&5
conftest.c:16:6: warning: incompatible redeclaration of library function 'strerror' [-Wincompatible-library-redeclaration]
char strerror ();
     ^
conftest.c:16:6: note: 'strerror' is a builtin with type 'char *(int)'
1 warning generated.
configure:4261: $? = 0
configure:4278: result: none required
configure:4334: checking for gcc
configure:4361: result: gcc
configure:4590: checking for C compiler version
configure:4599: gcc --version >&5
Apple LLVM version 5.1 (clang-503.0.40) (based on LLVM 3.4svn)
Target: x86_64-apple-darwin13.1.0
Thread model: posix
Configured with: --prefix=/Applications/Xcode.app/Contents/Developer/usr --with-gxx-include-dir=/usr/include/c++/4.2.1
configure:4610: $? = 0
configure:4599: gcc -v >&5
Configured with: --prefix=/Applications/Xcode.app/Contents/Developer/usr --with-gxx-include-dir=/usr/include/c++/4.2.1
Apple LLVM version 5.1 (clang-503.0.40) (based on LLVM 3.4svn)
Target: x86_64-apple-darwin13.1.0
Thread model: posix
configure:4610: $? = 0
configure:4599: gcc -V >&5
clang: error: argument to '-V' is missing (expected 1 value)
clang: error: no input files
configure:4610: $? = 1
configure:4599: gcc -qversion >&5
clang: error: unknown argument: '-qversion' [-Wunused-command-line-argument-hard-error-in-future]
clang: note: this will be a hard error (cannot be downgraded to a warning) in the future
clang: error: no input files
configure:4610: $? = 1
configure:4614: checking whether we are using the GNU C compiler
configure:4642: result: yes
configure:4651: checking whether gcc accepts -g
configure:4712: result: yes
configure:4729: checking for gcc option to accept ISO C89
configure:4805: result: none needed
configure:4830: checking whether gcc understands -c and -o together
configure:4867: result: yes
configure:4886: checking dependency style of gcc
configure:4997: result: gcc3
configure:5016: checking for gcc option to accept ISO C99
configure:5165: gcc  -c -g -O2 -Wall  conftest.c >&5
configure:5165: $? = 0
configure:5178: result: none needed
configure:5286: checking for gcc option to accept ISO Standard C
configure:5297: result: none needed
configure:5309: checking for bison
configure:5325: found /usr/bin/bison
configure:5337: result: bison -y
configure:5356: checking how to run the C preprocessor
configure:5387: gcc -E  conftest.c
configure:5387: $? = 0
configure:5401: gcc -E  conftest.c
conftest.c:9:10: fatal error: 'ac_nonexistent.h' file not found
#include <ac_nonexistent.h>
         ^
1 error generated.
configure:5401: $? = 1
configure: failed program was:
| /* confdefs.h */
| #define PACKAGE_NAME "sphinxbase"
| #define PACKAGE_TARNAME "sphinxbase"
| #define PACKAGE_VERSION "0.8"
| #define PACKAGE_STRING "sphinxbase 0.8"
| #define PACKAGE_BUGREPORT ""
| #define PACKAGE_URL ""
| /* end confdefs.h.  */
| #include <ac_nonexistent.h>
configure:5426: result: gcc -E
configure:5446: gcc -E  conftest.c
configure:5446: $? = 0
configure:5460: gcc -E  conftest.c
conftest.c:9:10: fatal error: 'ac_nonexistent.h' file not found
#include <ac_nonexistent.h>
         ^
1 error generated.
configure:5460: $? = 1
configure: failed program was:
| /* confdefs.h */
| #define PACKAGE_NAME "sphinxbase"
| #define PACKAGE_TARNAME "sphinxbase"
| #define PACKAGE_VERSION "0.8"
| #define PACKAGE_STRING "sphinxbase 0.8"
| #define PACKAGE_BUGREPORT ""
| #define PACKAGE_URL ""
| /* end confdefs.h.  */
| #include <ac_nonexistent.h>
configure:5489: checking for grep that handles long lines and -e
configure:5547: result: /usr/bin/grep
configure:5552: checking for egrep
configure:5614: result: /usr/bin/grep -E
configure:5619: checking for ANSI C header files
configure:5639: gcc -c -g -O2 -Wall  conftest.c >&5
configure:5639: $? = 0
configure:5712: gcc -o conftest -g -O2 -Wall   conftest.c  >&5
configure:5712: $? = 0
configure:5712: ./conftest
configure:5712: $? = 0
configure:5723: result: yes
configure:5736: checking for sys/types.h
configure:5736: gcc -c -g -O2 -Wall  conftest.c >&5
configure:5736: $? = 0
configure:5736: result: yes
configure:5736: checking for sys/stat.h
configure:5736: gcc -c -g -O2 -Wall  conftest.c >&5
configure:5736: $? = 0
configure:5736: result: yes
configure:5736: checking for stdlib.h
configure:5736: gcc -c -g -O2 -Wall  conftest.c >&5
configure:5736: $? = 0
configure:5736: result: yes
configure:5736: checking for string.h
configure:5736: gcc -c -g -O2 -Wall  conftest.c >&5
configure:5736: $? = 0
configure:5736: result: yes
configure:5736: checking for memory.h
configure:5736: gcc -c -g -O2 -Wall  conftest.c >&5
configure:5736: $? = 0
configure:5736: result: yes
configure:5736: checking for strings.h
configure:5736: gcc -c -g -O2 -Wall  conftest.c >&5
configure:5736: $? = 0
configure:5736: result: yes
configure:5736: checking for inttypes.h
configure:5736: gcc -c -g -O2 -Wall  conftest.c >&5
configure:5736: $? = 0
configure:5736: result: yes
configure:5736: checking for stdint.h
configure:5736: gcc -c -g -O2 -Wall  conftest.c >&5
configure:5736: $? = 0
configure:5736: result: yes
configure:5736: checking for unistd.h
configure:5736: gcc -c -g -O2 -Wall  conftest.c >&5
configure:5736: $? = 0
configure:5736: result: yes
configure:5748: checking whether byte ordering is bigendian
configure:5763: gcc -c -g -O2 -Wall  conftest.c >&5
configure:5763: $? = 0
configure:5808: gcc -c -g -O2 -Wall  conftest.c >&5
configure:5808: $? = 0
configure:5826: gcc -c -g -O2 -Wall  conftest.c >&5
conftest.c:26:4: error: use of undeclared identifier 'not'
                 not big endian
                 ^
1 error generated.
configure:5826: $? = 1
configure: failed program was:
| /* confdefs.h */
| #define PACKAGE_NAME "sphinxbase"
| #define PACKAGE_TARNAME "sphinxbase"
| #define PACKAGE_VERSION "0.8"
| #define PACKAGE_STRING "sphinxbase 0.8"
| #define PACKAGE_BUGREPORT ""
| #define PACKAGE_URL ""
| #define STDC_HEADERS 1
| #define HAVE_SYS_TYPES_H 1
| #define HAVE_SYS_STAT_H 1
| #define HAVE_STDLIB_H 1
| #define HAVE_STRING_H 1
| #define HAVE_MEMORY_H 1
| #define HAVE_STRINGS_H 1
| #define HAVE_INTTYPES_H 1
| #define HAVE_STDINT_H 1
| #define HAVE_UNISTD_H 1
| /* end confdefs.h.  */
| #include <sys/types.h>
| 		#include <sys/param.h>
| 
| int
| main ()
| {
| #if BYTE_ORDER != BIG_ENDIAN
| 		 not big endian
| 		#endif
| 
|   ;
|   return 0;
| }
configure:5954: result: no
configure:5972: checking return type of signal handlers
configure:5990: gcc -c -g -O2 -Wall  conftest.c >&5
conftest.c:25:8: error: indirection requires pointer operand ('void' invalid)
return *(signal (0, 0)) (0) == 1;
       ^~~~~~~~~~~~~~~~~~~~
1 error generated.
configure:5990: $? = 1
configure: failed program was:
| /* confdefs.h */
| #define PACKAGE_NAME "sphinxbase"
| #define PACKAGE_TARNAME "sphinxbase"
| #define PACKAGE_VERSION "0.8"
| #define PACKAGE_STRING "sphinxbase 0.8"
| #define PACKAGE_BUGREPORT ""
| #define PACKAGE_URL ""
| #define STDC_HEADERS 1
| #define HAVE_SYS_TYPES_H 1
| #define HAVE_SYS_STAT_H 1
| #define HAVE_STDLIB_H 1
| #define HAVE_STRING_H 1
| #define HAVE_MEMORY_H 1
| #define HAVE_STRINGS_H 1
| #define HAVE_INTTYPES_H 1
| #define HAVE_STDINT_H 1
| #define HAVE_UNISTD_H 1
| /* end confdefs.h.  */
| #include <sys/types.h>
| #include <signal.h>
| 
| int
| main ()
| {
| return *(signal (0, 0)) (0) == 1;
|   ;
|   return 0;
| }
configure:5997: result: void
configure:6005: checking for long long
configure:6005: gcc -c -g -O2 -Wall  conftest.c >&5
configure:6005: $? = 0
configure:6005: gcc -c -g -O2 -Wall  conftest.c >&5
conftest.c:56:24: error: expected expression
if (sizeof ((long long)))
                       ^
1 error generated.
configure:6005: $? = 1
configure: failed program was:
| /* confdefs.h */
| #define PACKAGE_NAME "sphinxbase"
| #define PACKAGE_TARNAME "sphinxbase"
| #define PACKAGE_VERSION "0.8"
| #define PACKAGE_STRING "sphinxbase 0.8"
| #define PACKAGE_BUGREPORT ""
| #define PACKAGE_URL ""
| #define STDC_HEADERS 1
| #define HAVE_SYS_TYPES_H 1
| #define HAVE_SYS_STAT_H 1
| #define HAVE_STDLIB_H 1
| #define HAVE_STRING_H 1
| #define HAVE_MEMORY_H 1
| #define HAVE_STRINGS_H 1
| #define HAVE_INTTYPES_H 1
| #define HAVE_STDINT_H 1
| #define HAVE_UNISTD_H 1
| #define RETSIGTYPE void
| /* end confdefs.h.  */
| #include <stdio.h>
| #ifdef HAVE_SYS_TYPES_H
| # include <sys/types.h>
| #endif
| #ifdef HAVE_SYS_STAT_H
| # include <sys/stat.h>
| #endif
| #ifdef STDC_HEADERS
| # include <stdlib.h>
| # include <stddef.h>
| #else
| # ifdef HAVE_STDLIB_H
| #  include <stdlib.h>
| # endif
| #endif
| #ifdef HAVE_STRING_H
| # if !defined STDC_HEADERS && defined HAVE_MEMORY_H
| #  include <memory.h>
| # endif
| # include <string.h>
| #endif
| #ifdef HAVE_STRINGS_H
| # include <strings.h>
| #endif
| #ifdef HAVE_INTTYPES_H
| # include <inttypes.h>
| #endif
| #ifdef HAVE_STDINT_H
| # include <stdint.h>
| #endif
| #ifdef HAVE_UNISTD_H
| # include <unistd.h>
| #endif
| int
| main ()
| {
| if (sizeof ((long long)))
| 	    return 0;
|   ;
|   return 0;
| }
configure:6005: result: yes
configure:6019: checking size of long long
configure:6024: gcc -o conftest -g -O2 -Wall   conftest.c  >&5
configure:6024: $? = 0
configure:6024: ./conftest
configure:6024: $? = 0
configure:6038: result: 8
configure:6052: checking size of long
configure:6057: gcc -o conftest -g -O2 -Wall   conftest.c  >&5
configure:6057: $? = 0
configure:6057: ./conftest
configure:6057: $? = 0
configure:6071: result: 8
configure:6084: checking for popen
configure:6084: gcc -o conftest -g -O2 -Wall   conftest.c  >&5
configure:6084: $? = 0
configure:6084: result: yes
configure:6084: checking for perror
configure:6084: gcc -o conftest -g -O2 -Wall   conftest.c  >&5
configure:6084: $? = 0
configure:6084: result: yes
configure:6084: checking for snprintf
configure:6084: gcc -o conftest -g -O2 -Wall   conftest.c  >&5
conftest.c:48:6: warning: incompatible redeclaration of library function 'snprintf' [-Wincompatible-library-redeclaration]
char snprintf ();
     ^
conftest.c:48:6: note: 'snprintf' is a builtin with type 'int (char *, unsigned long, const char *, ...)'
1 warning generated.
configure:6084: $? = 0
configure:6084: result: yes
configure:6093: checking errno.h usability
configure:6093: gcc -c -g -O2 -Wall  conftest.c >&5
configure:6093: $? = 0
configure:6093: result: yes
configure:6093: checking errno.h presence
configure:6093: gcc -E  conftest.c
configure:6093: $? = 0
configure:6093: result: yes
configure:6093: checking for errno.h
configure:6093: result: yes
configure:6139: checking for ld used by GCC
configure:6203: result: /Applications/Xcode.app/Contents/Developer/Toolchains/XcodeDefault.xctoolchain/usr/bin/ld
configure:6210: checking if the linker (/Applications/Xcode.app/Contents/Developer/Toolchains/XcodeDefault.xctoolchain/usr/bin/ld) is GNU ld
configure:6223: result: no
configure:6230: checking for shared library run path origin
configure:6243: result: done
configure:6707: checking for iconv
configure:6729: gcc -o conftest -g -O2 -Wall   conftest.c  >&5
Undefined symbols for architecture x86_64:
  "_iconv", referenced from:
      _main in conftest-e29af6.o
  "_iconv_close", referenced from:
      _main in conftest-e29af6.o
  "_iconv_open", referenced from:
      _main in conftest-e29af6.o
ld: symbol(s) not found for architecture x86_64
clang: error: linker command failed with exit code 1 (use -v to see invocation)
configure:6729: $? = 1
configure: failed program was:
| /* confdefs.h */
| #define PACKAGE_NAME "sphinxbase"
| #define PACKAGE_TARNAME "sphinxbase"
| #define PACKAGE_VERSION "0.8"
| #define PACKAGE_STRING "sphinxbase 0.8"
| #define PACKAGE_BUGREPORT ""
| #define PACKAGE_URL ""
| #define STDC_HEADERS 1
| #define HAVE_SYS_TYPES_H 1
| #define HAVE_SYS_STAT_H 1
| #define HAVE_STDLIB_H 1
| #define HAVE_STRING_H 1
| #define HAVE_MEMORY_H 1
| #define HAVE_STRINGS_H 1
| #define HAVE_INTTYPES_H 1
| #define HAVE_STDINT_H 1
| #define HAVE_UNISTD_H 1
| #define RETSIGTYPE void
| #define HAVE_LONG_LONG 1
| #define SIZEOF_LONG_LONG 8
| #define SIZEOF_LONG 8
| #define HAVE_POPEN 1
| #define HAVE_PERROR 1
| #define HAVE_SNPRINTF 1
| /* end confdefs.h.  */
| #include <stdlib.h>
| #include <iconv.h>
| int
| main ()
| {
| iconv_t cd = iconv_open("","");
|        iconv(cd,NULL,NULL,NULL,NULL);
|        iconv_close(cd);
|   ;
|   return 0;
| }
configure:6751: gcc -o conftest -g -O2 -Wall   conftest.c  -liconv >&5
configure:6751: $? = 0
configure:6761: result: yes
configure:6769: checking how to link with libiconv
configure:6771: result: -liconv
configure:6782: checking for iconv declaration
configure:6811: gcc -c -g -O2 -Wall  conftest.c >&5
configure:6811: $? = 0
configure:6822: result: 
         extern size_t iconv (iconv_t cd, char * *inbuf, size_t *inbytesleft, char * *outbuf, size_t *outbytesleft);
configure:6846: checking for sgesv_ in -llapack
configure:6871: gcc -o conftest -g -O2 -Wall   conftest.c -llapack   >&5
configure:6871: $? = 0
configure:6880: result: yes
configure:6894: checking for sgemm_ in -lblas
configure:6919: gcc -o conftest -g -O2 -Wall   conftest.c -lblas  -llapack  >&5
configure:6919: $? = 0
configure:6928: result: yes
configure:6963: checking for log in -lm
configure:6988: gcc -o conftest -g -O2 -Wall   conftest.c -lm  -lblas -llapack  >&5
conftest.c:38:6: warning: incompatible redeclaration of library function 'log' [-Wincompatible-library-redeclaration]
char log ();
     ^
conftest.c:38:6: note: 'log' is a builtin with type 'double (double)'
1 warning generated.
configure:6988: $? = 0
configure:6997: result: yes
configure:7028: checking pthread.h usability
configure:7028: gcc -c -g -O2 -Wall  conftest.c >&5
configure:7028: $? = 0
configure:7028: result: yes
configure:7028: checking pthread.h presence
configure:7028: gcc -E  conftest.c
configure:7028: $? = 0
configure:7028: result: yes
configure:7028: checking for pthread.h
configure:7028: result: yes
configure:7038: checking for pthread_create in -lpthread
configure:7063: gcc -o conftest -g -O2 -Wall   conftest.c -lpthread  -lm -lblas -llapack  >&5
configure:7063: $? = 0
configure:7072: result: yes
configure:7399: result: No audio interface for host type x86_64-apple-darwin13.1.0.
configure:7457: checking how to print strings
configure:7484: result: printf
configure:7505: checking for a sed that does not truncate output
configure:7569: result: /usr/bin/sed
configure:7587: checking for fgrep
configure:7649: result: /usr/bin/grep -F
configure:7684: checking for ld used by gcc
configure:7751: result: /Applications/Xcode.app/Contents/Developer/Toolchains/XcodeDefault.xctoolchain/usr/bin/ld
configure:7758: checking if the linker (/Applications/Xcode.app/Contents/Developer/Toolchains/XcodeDefault.xctoolchain/usr/bin/ld) is GNU ld
configure:7773: result: no
configure:7785: checking for BSD- or MS-compatible name lister (nm)
configure:7834: result: /usr/bin/nm
configure:7964: checking the name lister (/usr/bin/nm) interface
configure:7971: gcc -c -g -O2 -Wall  conftest.c >&5
configure:7974: /usr/bin/nm "conftest.o"
configure:7977: output
0000000000000230 S _some_variable
configure:7984: result: BSD nm
configure:7987: checking whether ln -s works
configure:7991: result: yes
configure:7999: checking the maximum length of command line arguments
configure:8129: result: 196608
configure:8146: checking whether the shell understands some XSI constructs
configure:8156: result: yes
configure:8160: checking whether the shell understands "+="
configure:8166: result: yes
configure:8201: checking how to convert x86_64-apple-darwin13.1.0 file names to x86_64-apple-darwin13.1.0 format
configure:8241: result: func_convert_file_noop
configure:8248: checking how to convert x86_64-apple-darwin13.1.0 file names to toolchain format
configure:8268: result: func_convert_file_noop
configure:8275: checking for /Applications/Xcode.app/Contents/Developer/Toolchains/XcodeDefault.xctoolchain/usr/bin/ld option to reload object files
configure:8282: result: -r
configure:8356: checking for objdump
configure:8386: result: no
configure:8415: checking how to recognize dependent libraries
configure:8617: result: pass_all
configure:8702: checking for dlltool
configure:8732: result: no
configure:8762: checking how to associate runtime and link libraries
configure:8789: result: printf %s\n
configure:8849: checking for ar
configure:8865: found /usr/bin/ar
configure:8876: result: ar
configure:8913: checking for archiver @FILE support
configure:8930: gcc -c -g -O2 -Wall  conftest.c >&5
configure:8930: $? = 0
configure:8933: ar cru libconftest.a @conftest.lst >&5
ar: @conftest.lst: No such file or directory
configure:8936: $? = 1
configure:8956: result: no
configure:9014: checking for strip
configure:9030: found /usr/bin/strip
configure:9041: result: strip
configure:9113: checking for ranlib
configure:9129: found /usr/bin/ranlib
configure:9140: result: ranlib
configure:9242: checking command to parse /usr/bin/nm output from gcc object
configure:9362: gcc -c -g -O2 -Wall  conftest.c >&5
configure:9365: $? = 0
configure:9369: /usr/bin/nm conftest.o \| sed -n -e 's/^.*[ ]\([BCDEGRST][BCDEGRST]*\)[ ][ ]*\([_A-Za-z][_A-Za-z0-9]*\)$/\1 \2 \2/p' | sed '/ __gnu_lto/d' \> conftest.nm
configure:9372: $? = 0
cannot find nm_test_var in conftest.nm
configure:9362: gcc -c -g -O2 -Wall  conftest.c >&5
configure:9365: $? = 0
configure:9369: /usr/bin/nm conftest.o \| sed -n -e 's/^.*[ ]\([BCDEGRST][BCDEGRST]*\)[ ][ ]*_\([_A-Za-z][_A-Za-z0-9]*\)$/\1 _\2 \2/p' | sed '/ __gnu_lto/d' \> conftest.nm
configure:9372: $? = 0
configure:9438: gcc -o conftest -g -O2 -Wall   conftest.c conftstm.o >&5
configure:9441: $? = 0
configure:9479: result: ok
configure:9516: checking for sysroot
configure:9546: result: no
configure:9802: checking for mt
configure:9832: result: no
configure:9852: checking if : is a manifest tool
configure:9858: : '-?'
configure:9866: result: no
configure:9922: checking for dsymutil
configure:9938: found /usr/bin/dsymutil
configure:9949: result: dsymutil
configure:10014: checking for nmedit
configure:10030: found /usr/bin/nmedit
configure:10041: result: nmedit
configure:10106: checking for lipo
configure:10122: found /usr/bin/lipo
configure:10133: result: lipo
configure:10198: checking for otool
configure:10214: found /usr/bin/otool
configure:10225: result: otool
configure:10290: checking for otool64
configure:10320: result: no
configure:10365: checking for -single_module linker flag
gcc -g -O2 -Wall  -o libconftest.dylib -dynamiclib -Wl,-single_module conftest.c
configure:10398: result: yes
configure:10401: checking for -exported_symbols_list linker flag
configure:10421: gcc -o conftest -g -O2 -Wall   -Wl,-exported_symbols_list,conftest.sym conftest.c -lpthread -lm -lblas -llapack  >&5
configure:10421: $? = 0
configure:10431: result: yes
configure:10434: checking for -force_load linker flag
gcc -g -O2 -Wall -c -o conftest.o conftest.c
ar cru libconftest.a conftest.o
ranlib libconftest.a
gcc -g -O2 -Wall  -o conftest conftest.c -Wl,-force_load,./libconftest.a
configure:10466: result: yes
configure:10505: checking for dlfcn.h
configure:10505: gcc -c -g -O2 -Wall  conftest.c >&5
configure:10505: $? = 0
configure:10505: result: yes
configure:10711: checking for objdir
configure:10726: result: .libs
configure:10997: checking if gcc supports -fno-rtti -fno-exceptions
configure:11015: gcc -c -g -O2 -Wall  -fno-rtti -fno-exceptions conftest.c >&5
configure:11019: $? = 0
configure:11032: result: yes
configure:11359: checking for gcc option to produce PIC
configure:11366: result: -fno-common -DPIC
configure:11374: checking if gcc PIC flag -fno-common -DPIC works
configure:11392: gcc -c -g -O2 -Wall  -fno-common -DPIC -DPIC conftest.c >&5
configure:11396: $? = 0
configure:11409: result: yes
configure:11438: checking if gcc static flag -static works
configure:11466: result: no
configure:11481: checking if gcc supports -c -o file.o
configure:11502: gcc -c -g -O2 -Wall  -o out/conftest2.o conftest.c >&5
configure:11506: $? = 0
configure:11528: result: yes
configure:11536: checking if gcc supports -c -o file.o
configure:11583: result: yes
configure:11616: checking whether the gcc linker (/Applications/Xcode.app/Contents/Developer/Toolchains/XcodeDefault.xctoolchain/usr/bin/ld) supports shared libraries
configure:12769: result: yes
configure:13009: checking dynamic linker characteristics
configure:13742: result: darwin13.1.0 dyld
configure:13849: checking how to hardcode library paths into programs
configure:13874: result: immediate
configure:14414: checking whether stripping libraries is possible
configure:14428: result: yes
configure:14454: checking if libtool supports shared libraries
configure:14456: result: yes
configure:14459: checking whether to build shared libraries
configure:14480: result: yes
configure:14483: checking whether to build static libraries
configure:14487: result: yes
configure:14527: checking for doxygen
configure:14555: result: no
configure:14597: checking for python
configure:14615: found /usr/bin/python
configure:14628: result: /usr/bin/python
configure:14638: checking for python-config
configure:14656: found /usr/bin/python-config
configure:14669: result: /usr/bin/python-config
configure:14681: checking Python.h usability
configure:14681: gcc -c -g -O2 -Wall  -I/System/Library/Frameworks/Python.framework/Versions/2.7/include/python2.7 -I/System/Library/Frameworks/Python.framework/Versions/2.7/include/python2.7 conftest.c >&5
configure:14681: $? = 0
configure:14681: result: yes
configure:14681: checking Python.h presence
configure:14681: gcc -E  -I/System/Library/Frameworks/Python.framework/Versions/2.7/include/python2.7 -I/System/Library/Frameworks/Python.framework/Versions/2.7/include/python2.7 conftest.c
configure:14681: $? = 0
configure:14681: result: yes
configure:14681: checking for Python.h
configure:14681: result: yes
configure:14710: checking for cython
configure:14738: result: no
configure:14758: checking for pkg-config
configure:14774: found /usr/local/bin/pkg-config
configure:14786: result: yes
configure:14845: checking for pkg-config
configure:14863: found /usr/local/bin/pkg-config
configure:14875: result: /usr/local/bin/pkg-config
configure:14900: checking pkg-config is at least version 0.9.0
configure:14903: result: yes
configure:14914: checking for SNDFILE
configure:14922: $PKG_CONFIG --exists --print-errors "sndfile"
Package sndfile was not found in the pkg-config search path.
Perhaps you should add the directory containing `sndfile.pc'
to the PKG_CONFIG_PATH environment variable
No package 'sndfile' found
configure:14925: $? = 1
configure:14940: $PKG_CONFIG --exists --print-errors "sndfile"
Package sndfile was not found in the pkg-config search path.
Perhaps you should add the directory containing `sndfile.pc'
to the PKG_CONFIG_PATH environment variable
No package 'sndfile' found
configure:14943: $? = 1
No package 'sndfile' found
configure:14971: result: no
configure:14985: checking sndfile.h usability
configure:14985: gcc -c -g -O2 -Wall  -I/System/Library/Frameworks/Python.framework/Versions/2.7/include/python2.7 -I/System/Library/Frameworks/Python.framework/Versions/2.7/include/python2.7 conftest.c >&5
conftest.c:71:10: fatal error: 'sndfile.h' file not found
#include <sndfile.h>
         ^
1 error generated.
configure:14985: $? = 1
configure: failed program was:
| /* confdefs.h */
| #define PACKAGE_NAME "sphinxbase"
| #define PACKAGE_TARNAME "sphinxbase"
| #define PACKAGE_VERSION "0.8"
| #define PACKAGE_STRING "sphinxbase 0.8"
| #define PACKAGE_BUGREPORT ""
| #define PACKAGE_URL ""
| #define STDC_HEADERS 1
| #define HAVE_SYS_TYPES_H 1
| #define HAVE_SYS_STAT_H 1
| #define HAVE_STDLIB_H 1
| #define HAVE_STRING_H 1
| #define HAVE_MEMORY_H 1
| #define HAVE_STRINGS_H 1
| #define HAVE_INTTYPES_H 1
| #define HAVE_STDINT_H 1
| #define HAVE_UNISTD_H 1
| #define RETSIGTYPE void
| #define HAVE_LONG_LONG 1
| #define SIZEOF_LONG_LONG 8
| #define SIZEOF_LONG 8
| #define HAVE_POPEN 1
| #define HAVE_PERROR 1
| #define HAVE_SNPRINTF 1
| #define HAVE_ICONV 1
| #define ICONV_CONST 
| #define HAVE_LIBLAPACK 1
| #define HAVE_LIBBLAS 1
| #define WITH_LAPACK /**/
| #define HAVE_LIBM 1
| #define HAVE_PTHREAD_H 1
| #define HAVE_LIBPTHREAD 1
| #define ENABLE_THREADS /**/
| #define AD_BACKEND_NONE /**/
| #define HAVE_DLFCN_H 1
| #define LT_OBJDIR ".libs/"
| /* end confdefs.h.  */
| #include <stdio.h>
| #ifdef HAVE_SYS_TYPES_H
| # include <sys/types.h>
| #endif
| #ifdef HAVE_SYS_STAT_H
| # include <sys/stat.h>
| #endif
| #ifdef STDC_HEADERS
| # include <stdlib.h>
| # include <stddef.h>
| #else
| # ifdef HAVE_STDLIB_H
| #  include <stdlib.h>
| # endif
| #endif
| #ifdef HAVE_STRING_H
| # if !defined STDC_HEADERS && defined HAVE_MEMORY_H
| #  include <memory.h>
| # endif
| # include <string.h>
| #endif
| #ifdef HAVE_STRINGS_H
| # include <strings.h>
| #endif
| #ifdef HAVE_INTTYPES_H
| # include <inttypes.h>
| #endif
| #ifdef HAVE_STDINT_H
| # include <stdint.h>
| #endif
| #ifdef HAVE_UNISTD_H
| # include <unistd.h>
| #endif
| #include <sndfile.h>
configure:14985: result: no
configure:14985: checking sndfile.h presence
configure:14985: gcc -E  -I/System/Library/Frameworks/Python.framework/Versions/2.7/include/python2.7 -I/System/Library/Frameworks/Python.framework/Versions/2.7/include/python2.7 conftest.c
conftest.c:38:10: fatal error: 'sndfile.h' file not found
#include <sndfile.h>
         ^
1 error generated.
configure:14985: $? = 1
configure: failed program was:
| /* confdefs.h */
| #define PACKAGE_NAME "sphinxbase"
| #define PACKAGE_TARNAME "sphinxbase"
| #define PACKAGE_VERSION "0.8"
| #define PACKAGE_STRING "sphinxbase 0.8"
| #define PACKAGE_BUGREPORT ""
| #define PACKAGE_URL ""
| #define STDC_HEADERS 1
| #define HAVE_SYS_TYPES_H 1
| #define HAVE_SYS_STAT_H 1
| #define HAVE_STDLIB_H 1
| #define HAVE_STRING_H 1
| #define HAVE_MEMORY_H 1
| #define HAVE_STRINGS_H 1
| #define HAVE_INTTYPES_H 1
| #define HAVE_STDINT_H 1
| #define HAVE_UNISTD_H 1
| #define RETSIGTYPE void
| #define HAVE_LONG_LONG 1
| #define SIZEOF_LONG_LONG 8
| #define SIZEOF_LONG 8
| #define HAVE_POPEN 1
| #define HAVE_PERROR 1
| #define HAVE_SNPRINTF 1
| #define HAVE_ICONV 1
| #define ICONV_CONST 
| #define HAVE_LIBLAPACK 1
| #define HAVE_LIBBLAS 1
| #define WITH_LAPACK /**/
| #define HAVE_LIBM 1
| #define HAVE_PTHREAD_H 1
| #define HAVE_LIBPTHREAD 1
| #define ENABLE_THREADS /**/
| #define AD_BACKEND_NONE /**/
| #define HAVE_DLFCN_H 1
| #define LT_OBJDIR ".libs/"
| /* end confdefs.h.  */
| #include <sndfile.h>
configure:14985: result: no
configure:14985: checking for sndfile.h
configure:14985: result: no
configure:14997: checking for SAMPLERATE
configure:15005: $PKG_CONFIG --exists --print-errors "samplerate"
Package samplerate was not found in the pkg-config search path.
Perhaps you should add the directory containing `samplerate.pc'
to the PKG_CONFIG_PATH environment variable
No package 'samplerate' found
configure:15008: $? = 1
configure:15023: $PKG_CONFIG --exists --print-errors "samplerate"
Package samplerate was not found in the pkg-config search path.
Perhaps you should add the directory containing `samplerate.pc'
to the PKG_CONFIG_PATH environment variable
No package 'samplerate' found
configure:15026: $? = 1
No package 'samplerate' found
configure:15054: result: no
configure:15068: checking samplerate.h usability
configure:15068: gcc -c -g -O2 -Wall  -I/System/Library/Frameworks/Python.framework/Versions/2.7/include/python2.7 -I/System/Library/Frameworks/Python.framework/Versions/2.7/include/python2.7 conftest.c >&5
conftest.c:71:10: fatal error: 'samplerate.h' file not found
#include <samplerate.h>
         ^
1 error generated.
configure:15068: $? = 1
configure: failed program was:
| /* confdefs.h */
| #define PACKAGE_NAME "sphinxbase"
| #define PACKAGE_TARNAME "sphinxbase"
| #define PACKAGE_VERSION "0.8"
| #define PACKAGE_STRING "sphinxbase 0.8"
| #define PACKAGE_BUGREPORT ""
| #define PACKAGE_URL ""
| #define STDC_HEADERS 1
| #define HAVE_SYS_TYPES_H 1
| #define HAVE_SYS_STAT_H 1
| #define HAVE_STDLIB_H 1
| #define HAVE_STRING_H 1
| #define HAVE_MEMORY_H 1
| #define HAVE_STRINGS_H 1
| #define HAVE_INTTYPES_H 1
| #define HAVE_STDINT_H 1
| #define HAVE_UNISTD_H 1
| #define RETSIGTYPE void
| #define HAVE_LONG_LONG 1
| #define SIZEOF_LONG_LONG 8
| #define SIZEOF_LONG 8
| #define HAVE_POPEN 1
| #define HAVE_PERROR 1
| #define HAVE_SNPRINTF 1
| #define HAVE_ICONV 1
| #define ICONV_CONST 
| #define HAVE_LIBLAPACK 1
| #define HAVE_LIBBLAS 1
| #define WITH_LAPACK /**/
| #define HAVE_LIBM 1
| #define HAVE_PTHREAD_H 1
| #define HAVE_LIBPTHREAD 1
| #define ENABLE_THREADS /**/
| #define AD_BACKEND_NONE /**/
| #define HAVE_DLFCN_H 1
| #define LT_OBJDIR ".libs/"
| /* end confdefs.h.  */
| #include <stdio.h>
| #ifdef HAVE_SYS_TYPES_H
| # include <sys/types.h>
| #endif
| #ifdef HAVE_SYS_STAT_H
| # include <sys/stat.h>
| #endif
| #ifdef STDC_HEADERS
| # include <stdlib.h>
| # include <stddef.h>
| #else
| # ifdef HAVE_STDLIB_H
| #  include <stdlib.h>
| # endif
| #endif
| #ifdef HAVE_STRING_H
| # if !defined STDC_HEADERS && defined HAVE_MEMORY_H
| #  include <memory.h>
| # endif
| # include <string.h>
| #endif
| #ifdef HAVE_STRINGS_H
| # include <strings.h>
| #endif
| #ifdef HAVE_INTTYPES_H
| # include <inttypes.h>
| #endif
| #ifdef HAVE_STDINT_H
| # include <stdint.h>
| #endif
| #ifdef HAVE_UNISTD_H
| # include <unistd.h>
| #endif
| #include <samplerate.h>
configure:15068: result: no
configure:15068: checking samplerate.h presence
configure:15068: gcc -E  -I/System/Library/Frameworks/Python.framework/Versions/2.7/include/python2.7 -I/System/Library/Frameworks/Python.framework/Versions/2.7/include/python2.7 conftest.c
conftest.c:38:10: fatal error: 'samplerate.h' file not found
#include <samplerate.h>
         ^
1 error generated.
configure:15068: $? = 1
configure: failed program was:
| /* confdefs.h */
| #define PACKAGE_NAME "sphinxbase"
| #define PACKAGE_TARNAME "sphinxbase"
| #define PACKAGE_VERSION "0.8"
| #define PACKAGE_STRING "sphinxbase 0.8"
| #define PACKAGE_BUGREPORT ""
| #define PACKAGE_URL ""
| #define STDC_HEADERS 1
| #define HAVE_SYS_TYPES_H 1
| #define HAVE_SYS_STAT_H 1
| #define HAVE_STDLIB_H 1
| #define HAVE_STRING_H 1
| #define HAVE_MEMORY_H 1
| #define HAVE_STRINGS_H 1
| #define HAVE_INTTYPES_H 1
| #define HAVE_STDINT_H 1
| #define HAVE_UNISTD_H 1
| #define RETSIGTYPE void
| #define HAVE_LONG_LONG 1
| #define SIZEOF_LONG_LONG 8
| #define SIZEOF_LONG 8
| #define HAVE_POPEN 1
| #define HAVE_PERROR 1
| #define HAVE_SNPRINTF 1
| #define HAVE_ICONV 1
| #define ICONV_CONST 
| #define HAVE_LIBLAPACK 1
| #define HAVE_LIBBLAS 1
| #define WITH_LAPACK /**/
| #define HAVE_LIBM 1
| #define HAVE_PTHREAD_H 1
| #define HAVE_LIBPTHREAD 1
| #define ENABLE_THREADS /**/
| #define AD_BACKEND_NONE /**/
| #define HAVE_DLFCN_H 1
| #define LT_OBJDIR ".libs/"
| /* end confdefs.h.  */
| #include <samplerate.h>
configure:15068: result: no
configure:15068: checking for samplerate.h
configure:15068: result: no
configure:15195: checking that generated files are newer than configure
configure:15201: result: done
configure:15257: creating ./config.status

## ---------------------- ##
## Running config.status. ##
## ---------------------- ##

This file was extended by sphinxbase config.status 0.8, which was
generated by GNU Autoconf 2.69.  Invocation command line was

  CONFIG_FILES    = 
  CONFIG_HEADERS  = 
  CONFIG_LINKS    = 
  CONFIG_COMMANDS = 
  $ ./config.status 

on Patrick-Wus-MacBook-Pro.local

config.status:1164: creating sphinxbase.pc
config.status:1164: creating Makefile
config.status:1164: creating include/Makefile
config.status:1164: creating include/sphinxbase/Makefile
config.status:1164: creating python/Makefile
config.status:1164: creating python/setup.py
config.status:1164: creating src/Makefile
config.status:1164: creating src/libsphinxad/Makefile
config.status:1164: creating src/libsphinxbase/Makefile
config.status:1164: creating src/libsphinxbase/util/Makefile
config.status:1164: creating src/libsphinxbase/feat/Makefile
config.status:1164: creating src/libsphinxbase/fe/Makefile
config.status:1164: creating src/libsphinxbase/lm/Makefile
config.status:1164: creating src/sphinx_fe/Makefile
config.status:1164: creating src/sphinx_cepview/Makefile
config.status:1164: creating src/sphinx_jsgf2fsg/Makefile
config.status:1164: creating src/sphinx_adtools/Makefile
config.status:1164: creating src/sphinx_lmtools/Makefile
config.status:1164: creating doc/Makefile
config.status:1164: creating doc/doxyfile
config.status:1164: creating test/Makefile
config.status:1164: creating test/unit/testfuncs.sh
config.status:1164: creating test/unit/Makefile
config.status:1164: creating test/unit/test_ad/Makefile
config.status:1164: creating test/unit/test_alloc/Makefile
config.status:1164: creating test/unit/test_bitvec/Makefile
config.status:1164: creating test/unit/test_case/Makefile
config.status:1164: creating test/unit/test_string/Makefile
config.status:1164: creating test/unit/test_cmdln/Makefile
config.status:1164: creating test/unit/test_hash/Makefile
config.status:1164: creating test/unit/test_matrix/Makefile
config.status:1164: creating test/unit/test_feat/Makefile
config.status:1164: creating test/unit/test_fe/Makefile
config.status:1164: creating test/unit/test_logmath/Makefile
config.status:1164: creating test/unit/test_lineiter/Makefile
config.status:1164: creating test/unit/test_ngram/Makefile
config.status:1164: creating test/unit/test_fsg/Makefile
config.status:1164: creating test/unit/test_thread/Makefile
config.status:1164: creating test/unit/test_util/Makefile
config.status:1164: creating test/regression/testfuncs.sh
config.status:1164: creating test/regression/Makefile
config.status:1164: creating include/config.h
config.status:1345: include/config.h is unchanged
config.status:1164: creating include/sphinx_config.h
config.status:1345: include/sphinx_config.h is unchanged
config.status:1393: executing depfiles commands
config.status:1393: executing libtool commands

## ---------------- ##
## Cache variables. ##
## ---------------- ##

ac_cv_build=x86_64-apple-darwin13.1.0
ac_cv_c_bigendian=no
ac_cv_c_compiler_gnu=yes
ac_cv_env_CC_set=
ac_cv_env_CC_value=
ac_cv_env_CFLAGS_set=
ac_cv_env_CFLAGS_value=
ac_cv_env_CPPFLAGS_set=
ac_cv_env_CPPFLAGS_value=
ac_cv_env_CPP_set=
ac_cv_env_CPP_value=
ac_cv_env_LDFLAGS_set=
ac_cv_env_LDFLAGS_value=
ac_cv_env_LIBS_set=
ac_cv_env_LIBS_value=
ac_cv_env_PKG_CONFIG_set=
ac_cv_env_PKG_CONFIG_value=
ac_cv_env_SAMPLERATE_CFLAGS_set=
ac_cv_env_SAMPLERATE_CFLAGS_value=
ac_cv_env_SAMPLERATE_LIBS_set=
ac_cv_env_SAMPLERATE_LIBS_value=
ac_cv_env_SNDFILE_CFLAGS_set=
ac_cv_env_SNDFILE_CFLAGS_value=
ac_cv_env_SNDFILE_LIBS_set=
ac_cv_env_SNDFILE_LIBS_value=
ac_cv_env_YACC_set=
ac_cv_env_YACC_value=
ac_cv_env_build_alias_set=
ac_cv_env_build_alias_value=
ac_cv_env_host_alias_set=
ac_cv_env_host_alias_value=
ac_cv_env_target_alias_set=
ac_cv_env_target_alias_value=
ac_cv_func_perror=yes
ac_cv_func_popen=yes
ac_cv_func_snprintf=yes
ac_cv_header_Python_h=yes
ac_cv_header_dlfcn_h=yes
ac_cv_header_errno_h=yes
ac_cv_header_inttypes_h=yes
ac_cv_header_memory_h=yes
ac_cv_header_pthread_h=yes
ac_cv_header_samplerate_h=no
ac_cv_header_sndfile_h=no
ac_cv_header_stdc=yes
ac_cv_header_stdint_h=yes
ac_cv_header_stdlib_h=yes
ac_cv_header_string_h=yes
ac_cv_header_strings_h=yes
ac_cv_header_sys_stat_h=yes
ac_cv_header_sys_types_h=yes
ac_cv_header_unistd_h=yes
ac_cv_host=x86_64-apple-darwin13.1.0
ac_cv_lib_blas_sgemm_=yes
ac_cv_lib_lapack_sgesv_=yes
ac_cv_lib_m_log=yes
ac_cv_lib_pthread_pthread_create=yes
ac_cv_objext=o
ac_cv_path_EGREP='/usr/bin/grep -E'
ac_cv_path_FGREP='/usr/bin/grep -F'
ac_cv_path_GREP=/usr/bin/grep
ac_cv_path_PYTHON=/usr/bin/python
ac_cv_path_PYTHON_CONFIG=/usr/bin/python-config
ac_cv_path_SED=/usr/bin/sed
ac_cv_path_ac_pt_PKG_CONFIG=/usr/local/bin/pkg-config
ac_cv_path_install='/usr/bin/install -c'
ac_cv_prog_AWK=awk
ac_cv_prog_CPP='gcc -E'
ac_cv_prog_HAVE_CYTHON=no
ac_cv_prog_HAVE_DOXYGEN=no
ac_cv_prog_HAVE_PKGCONFIG=yes
ac_cv_prog_YACC='bison -y'
ac_cv_prog_ac_ct_AR=ar
ac_cv_prog_ac_ct_CC=gcc
ac_cv_prog_ac_ct_DSYMUTIL=dsymutil
ac_cv_prog_ac_ct_LIPO=lipo
ac_cv_prog_ac_ct_NMEDIT=nmedit
ac_cv_prog_ac_ct_OTOOL=otool
ac_cv_prog_ac_ct_RANLIB=ranlib
ac_cv_prog_ac_ct_STRIP=strip
ac_cv_prog_cc_c89=
ac_cv_prog_cc_c99=
ac_cv_prog_cc_g=yes
ac_cv_prog_cc_stdc=
ac_cv_prog_make_make_set=yes
ac_cv_search_strerror='none required'
ac_cv_sizeof_long=8
ac_cv_sizeof_long_long=8
ac_cv_type_long_long=yes
ac_cv_type_signal=void
acl_cv_hardcode_direct=no
acl_cv_hardcode_libdir_flag_spec=
acl_cv_hardcode_libdir_separator=
acl_cv_hardcode_minus_L=no
acl_cv_libext=a
acl_cv_path_LD=/Applications/Xcode.app/Contents/Developer/Toolchains/XcodeDefault.xctoolchain/usr/bin/ld
acl_cv_prog_gnu_ld=no
acl_cv_rpath=done
acl_cv_shlibext=dylib
acl_cv_wl=-Wl,
am_cv_CC_dependencies_compiler_type=gcc3
am_cv_func_iconv=yes
am_cv_lib_iconv=yes
am_cv_make_support_nested_variables=yes
am_cv_prog_cc_c_o=yes
am_cv_proto_iconv='extern size_t iconv (iconv_t cd, char * *inbuf, size_t *inbytesleft, char * *outbuf, size_t *outbytesleft);'
am_cv_proto_iconv_arg1=
lt_cv_apple_cc_single_mod=yes
lt_cv_ar_at_file=no
lt_cv_deplibs_check_method=pass_all
lt_cv_file_magic_cmd='$MAGIC_CMD'
lt_cv_file_magic_test_file=
lt_cv_ld_exported_symbols_list=yes
lt_cv_ld_force_load=yes
lt_cv_ld_reload_flag=-r
lt_cv_nm_interface='BSD nm'
lt_cv_objdir=.libs
lt_cv_path_LD=/Applications/Xcode.app/Contents/Developer/Toolchains/XcodeDefault.xctoolchain/usr/bin/ld
lt_cv_path_NM=/usr/bin/nm
lt_cv_path_mainfest_tool=no
lt_cv_prog_compiler_c_o=yes
lt_cv_prog_compiler_pic='-fno-common -DPIC'
lt_cv_prog_compiler_pic_works=yes
lt_cv_prog_compiler_rtti_exceptions=yes
lt_cv_prog_compiler_static_works=no
lt_cv_prog_gnu_ld=no
lt_cv_sharedlib_from_linklib_cmd='printf %s\n'
lt_cv_sys_global_symbol_pipe='sed -n -e '\''s/^.*[	 ]\([BCDEGRST][BCDEGRST]*\)[	 ][	 ]*_\([_A-Za-z][_A-Za-z0-9]*\)$/\1 _\2 \2/p'\'' | sed '\''/ __gnu_lto/d'\'''
lt_cv_sys_global_symbol_to_c_name_address='sed -n -e '\''s/^: \([^ ]*\)[ ]*$/  {\"\1\", (void *) 0},/p'\'' -e '\''s/^[BCDEGRST]* \([^ ]*\) \([^ ]*\)$/  {"\2", (void *) \&\2},/p'\'''
lt_cv_sys_global_symbol_to_c_name_address_lib_prefix='sed -n -e '\''s/^: \([^ ]*\)[ ]*$/  {\"\1\", (void *) 0},/p'\'' -e '\''s/^[BCDEGRST]* \([^ ]*\) \(lib[^ ]*\)$/  {"\2", (void *) \&\2},/p'\'' -e '\''s/^[BCDEGRST]* \([^ ]*\) \([^ ]*\)$/  {"lib\2", (void *) \&\2},/p'\'''
lt_cv_sys_global_symbol_to_cdecl='sed -n -e '\''s/^T .* \(.*\)$/extern int \1();/p'\'' -e '\''s/^[BCDEGRST]* .* \(.*\)$/extern char \1;/p'\'''
lt_cv_sys_max_cmd_len=196608
lt_cv_to_host_file_cmd=func_convert_file_noop
lt_cv_to_tool_file_cmd=func_convert_file_noop

## ----------------- ##
## Output variables. ##
## ----------------- ##

ACLOCAL='aclocal-1.14'
AMDEPBACKSLASH='\'
AMDEP_FALSE='#'
AMDEP_TRUE=''
AMTAR='$${TAR-tar}'
AM_BACKSLASH='\'
AM_DEFAULT_V='$(AM_DEFAULT_VERBOSITY)'
AM_DEFAULT_VERBOSITY='1'
AM_V='$(V)'
AR='ar'
AUTOCONF='autoconf'
AUTOHEADER='autoheader'
AUTOMAKE='automake-1.14'
AWK='awk'
BUILD_CYTHON_FALSE=''
BUILD_CYTHON_TRUE='#'
BUILD_DOXYGEN_FALSE=''
BUILD_DOXYGEN_TRUE='#'
BUILD_PYTHON_FALSE='#'
BUILD_PYTHON_TRUE=''
CC='gcc'
CCDEPMODE='depmode=gcc3'
CFLAGS='-g -O2 -Wall'
CPP='gcc -E'
CPPFLAGS=' -I/System/Library/Frameworks/Python.framework/Versions/2.7/include/python2.7 -I/System/Library/Frameworks/Python.framework/Versions/2.7/include/python2.7'
CYGPATH_W='echo'
DEFS='-DHAVE_CONFIG_H'
DEPDIR='.deps'
DLLTOOL='false'
DSYMUTIL='dsymutil'
DUMPBIN=''
ECHO_C='\c'
ECHO_N=''
ECHO_T=''
EGREP='/usr/bin/grep -E'
EXEEXT=''
FGREP='/usr/bin/grep -F'
FIXED_POINT_FALSE=''
FIXED_POINT_TRUE='#'
GREP='/usr/bin/grep'
HAVE_CYTHON='no'
HAVE_DOXYGEN='no'
HAVE_PKGCONFIG='yes'
INSTALL_DATA='${INSTALL} -m 644'
INSTALL_PROGRAM='${INSTALL}'
INSTALL_SCRIPT='${INSTALL}'
INSTALL_STRIP_PROGRAM='$(install_sh) -c -s'
LAPACK_LITE_FALSE=''
LAPACK_LITE_TRUE='#'
LD='/Applications/Xcode.app/Contents/Developer/Toolchains/XcodeDefault.xctoolchain/usr/bin/ld'
LDFLAGS=''
LIBICONV='-liconv'
LIBOBJS=''
LIBS='-lpthread -lm -lblas -llapack '
LIBTOOL='$(SHELL) $(top_builddir)/libtool'
LIPO='lipo'
LN_S='ln -s'
LTLIBICONV='-liconv'
LTLIBOBJS=''
MAKEINFO='makeinfo'
MANIFEST_TOOL=':'
MKDIR_P='./install-sh -c -d'
NM='/usr/bin/nm'
NMEDIT='nmedit'
OBJDUMP='false'
OBJEXT='o'
OTOOL64=':'
OTOOL='otool'
PACKAGE='sphinxbase'
PACKAGE_BUGREPORT=''
PACKAGE_NAME='sphinxbase'
PACKAGE_STRING='sphinxbase 0.8'
PACKAGE_TARNAME='sphinxbase'
PACKAGE_URL=''
PACKAGE_VERSION='0.8'
PATH_SEPARATOR=':'
PKG_CONFIG='/usr/local/bin/pkg-config'
PYTHON='/usr/bin/python'
PYTHON_CONFIG='/usr/bin/python-config'
RANLIB='ranlib'
SAMPLERATE_CFLAGS=''
SAMPLERATE_LIBS=''
SED='/usr/bin/sed'
SET_MAKE=''
SHELL='/bin/sh'
SNDFILE_CFLAGS=''
SNDFILE_LIBS=''
STRIP='strip'
USE_LAPACK_FALSE='#'
USE_LAPACK_TRUE=''
USE_THREADS_FALSE='#'
USE_THREADS_TRUE=''
VERSION='0.8'
YACC='bison -y'
ac_ct_AR='ar'
ac_ct_CC='gcc'
ac_ct_DUMPBIN=''
ad_backend='AD_BACKEND_NONE'
ad_files='ad_base.lo'
ad_libs=''
am__EXEEXT_FALSE=''
am__EXEEXT_TRUE='#'
am__fastdepCC_FALSE='#'
am__fastdepCC_TRUE=''
am__include='include'
am__isrc=''
am__leading_dot='.'
am__nodep='_no'
am__quote=''
am__tar='$${TAR-tar} chof - "$$tardir"'
am__untar='$${TAR-tar} xf -'
bindir='${exec_prefix}/bin'
build='x86_64-apple-darwin13.1.0'
build_alias=''
build_cpu='x86_64'
build_os='darwin13.1.0'
build_vendor='apple'
datadir='${datarootdir}'
datarootdir='${prefix}/share'
docdir='${datarootdir}/doc/${PACKAGE_TARNAME}'
dvidir='${docdir}'
exec_prefix='${prefix}'
host='x86_64-apple-darwin13.1.0'
host_alias=''
host_cpu='x86_64'
host_os='darwin13.1.0'
host_vendor='apple'
htmldir='${docdir}'
includedir='${prefix}/include'
infodir='${datarootdir}/info'
install_sh='${SHELL} /Users/patrickwu/Tech/HouseDroid/sphinxbase-0.8/install-sh'
libdir='${exec_prefix}/lib'
libexecdir='${exec_prefix}/libexec'
localedir='${datarootdir}/locale'
localstatedir='${prefix}/var'
mandir='${datarootdir}/man'
mkdir_p='$(MKDIR_P)'
oldincludedir='/usr/include'
pdfdir='${docdir}'
prefix='/usr/local'
program_transform_name='s,x,x,'
psdir='${docdir}'
sbindir='${exec_prefix}/sbin'
sharedstatedir='${prefix}/com'
sysconfdir='${prefix}/etc'
target_alias=''

## ----------- ##
## confdefs.h. ##
## ----------- ##

/* confdefs.h */
#define PACKAGE_NAME "sphinxbase"
#define PACKAGE_TARNAME "sphinxbase"
#define PACKAGE_VERSION "0.8"
#define PACKAGE_STRING "sphinxbase 0.8"
#define PACKAGE_BUGREPORT ""
#define PACKAGE_URL ""
#define STDC_HEADERS 1
#define HAVE_SYS_TYPES_H 1
#define HAVE_SYS_STAT_H 1
#define HAVE_STDLIB_H 1
#define HAVE_STRING_H 1
#define HAVE_MEMORY_H 1
#define HAVE_STRINGS_H 1
#define HAVE_INTTYPES_H 1
#define HAVE_STDINT_H 1
#define HAVE_UNISTD_H 1
#define RETSIGTYPE void
#define HAVE_LONG_LONG 1
#define SIZEOF_LONG_LONG 8
#define SIZEOF_LONG 8
#define HAVE_POPEN 1
#define HAVE_PERROR 1
#define HAVE_SNPRINTF 1
#define HAVE_ICONV 1
#define ICONV_CONST 
#define HAVE_LIBLAPACK 1
#define HAVE_LIBBLAS 1
#define WITH_LAPACK /**/
#define HAVE_LIBM 1
#define HAVE_PTHREAD_H 1
#define HAVE_LIBPTHREAD 1
#define ENABLE_THREADS /**/
#define AD_BACKEND_NONE /**/
#define HAVE_DLFCN_H 1
#define LT_OBJDIR ".libs/"

configure: exit 0

## ---------------------- ##
## Running config.status. ##
## ---------------------- ##

This file was extended by sphinxbase config.status 0.8, which was
generated by GNU Autoconf 2.69.  Invocation command line was

  CONFIG_FILES    = 
  CONFIG_HEADERS  = 
  CONFIG_LINKS    = 
  CONFIG_COMMANDS = 
  $ ./config.status include/config.h

on Patrick-Wus-MacBook-Pro.local

config.status:1164: creating include/config.h
config.status:1345: include/config.h is unchanged
